This is pdfTeXk, Version 3.141592-1.40.3 (Web2C 7.5.6) (format=pdflatex 2007.10.6)  5 DEC 2007 21:03
entering extended mode
 %&-line parsing enabled.
**TDK_prez.tex
(./TDK_prez.tex
LaTeX2e <2005/12/01>
Babel <v3.8h> and hyphenation patterns for english, usenglishmax, dumylang, noh
yphenation, arabic, basque, bulgarian, coptic, welsh, czech, slovak, german, ng
erman, danish, esperanto, spanish, catalan, galician, estonian, farsi, finnish,
 french, greek, monogreek, ancientgreek, croatian, hungarian, interlingua, ibyc
us, indonesian, icelandic, italian, latin, mongolian, dutch, norsk, polish, por
tuguese, pinyin, romanian, russian, slovenian, uppersorbian, serbian, swedish, 
turkish, ukenglish, ukrainian, loaded.
(/usr/local/texlive/2007/texmf-dist/tex/latex/beamer/beamer.cls
(/usr/local/texlive/2007/texmf-dist/tex/latex/beamer/beamerbasercs.sty
Package: beamerbasercs 2004/10/07 (rcs-revision 1.3)
)
Document Class: beamer 2005/10/23 cvs version 3.06 A class for typesetting pres
entations (rcs-revision 1.67)
(/usr/local/texlive/2007/texmf-dist/tex/latex/beamer/beamerbasemodes.sty
Package: beamerbasemodes 2004/12/09 (rcs-revision 1.21)
\beamer@tempbox=\box26
\beamer@tempcount=\count79
\c@beamerpauses=\count80

(/usr/local/texlive/2007/texmf-dist/tex/latex/beamer/beamerbasedecode.sty
Package: beamerbasedecode 2005/05/09 (rcs-revision 1.18)
\beamer@slideinframe=\count81
\beamer@minimum=\count82
)
\beamer@commentbox=\box27
\beamer@modecount=\count83
)
\headheight=\dimen102
\headdp=\dimen103
\footheight=\dimen104
\sidebarheight=\dimen105
\beamer@tempdim=\dimen106
\beamer@finalheight=\dimen107
\beamer@animht=\dimen108
\beamer@animdp=\dimen109
\beamer@animwd=\dimen110
\beamer@leftmargin=\dimen111
\beamer@rightmargin=\dimen112
\beamer@leftsidebar=\dimen113
\beamer@rightsidebar=\dimen114
\beamer@boxsize=\dimen115
\beamer@vboxoffset=\dimen116
\beamer@descdefault=\dimen117
\beamer@descriptionwidth=\dimen118
\beamer@lastskip=\skip41
\beamer@areabox=\box28
\beamer@animcurrent=\box29
\beamer@animshowbox=\box30
\beamer@sectionbox=\box31
\beamer@logobox=\box32
\beamer@linebox=\box33
\beamer@sectioncount=\count84
\beamer@subsubsectionmax=\count85
\beamer@subsectionmax=\count86
\beamer@sectionmax=\count87
\beamer@totalheads=\count88
\beamer@headcounter=\count89
\beamer@partstartpage=\count90
\beamer@sectionstartpage=\count91
\beamer@subsectionstartpage=\count92
\beamer@animationtempa=\count93
\beamer@animationtempb=\count94
\beamer@xpos=\count95
\beamer@ypos=\count96
\beamer@showpartnumber=\count97
\beamer@currentsubsection=\count98
\beamer@coveringdepth=\count99
\beamer@sectionadjust=\count100
\beamer@tocsectionnumber=\count101

(/usr/local/texlive/2007/texmf-dist/tex/latex/beamer/beamerbaseoptions.sty
Package: beamerbaseoptions 2004/11/15 (rcs-revision 1.7)

(/usr/local/texlive/2007/texmf-dist/tex/latex/graphics/keyval.sty
Package: keyval 1999/03/16 v1.13 key=value parser (DPC)
\KV@toks@=\toks14
))
(/usr/local/texlive/2007/texmf-dist/tex/latex/pgf/basiclayer/pgfcore.sty
(/usr/local/texlive/2007/texmf-dist/tex/latex/graphics/graphicx.sty
Package: graphicx 1999/02/16 v1.0f Enhanced LaTeX Graphics (DPC,SPQR)

(/usr/local/texlive/2007/texmf-dist/tex/latex/graphics/graphics.sty
Package: graphics 2006/02/20 v1.0o Standard LaTeX Graphics (DPC,SPQR)

(/usr/local/texlive/2007/texmf-dist/tex/latex/graphics/trig.sty
Package: trig 1999/03/16 v1.09 sin cos tan (DPC)
)
(/usr/local/texlive/2007/texmf/tex/latex/config/graphics.cfg
File: graphics.cfg 2007/01/18 v1.5 graphics configuration of teTeX/TeXLive
)
Package graphics Info: Driver file: pdftex.def on input line 90.

(/usr/local/texlive/2007/texmf-dist/tex/latex/pdftex-def/pdftex.def
File: pdftex.def 2007/01/08 v0.04d Graphics/color for pdfTeX
\Gread@gobject=\count102
))
\Gin@req@height=\dimen119
\Gin@req@width=\dimen120
)
(/usr/local/texlive/2007/texmf-dist/tex/latex/pgf/systemlayer/pgfsys.sty
(/usr/local/texlive/2007/texmf-dist/tex/latex/pgf/utilities/pgfrcs.sty
(/usr/local/texlive/2007/texmf-dist/tex/generic/pgf/utilities/pgfutil-common.te
x)
(/usr/local/texlive/2007/texmf-dist/tex/generic/pgf/utilities/pgfutil-latex.def
) (/usr/local/texlive/2007/texmf-dist/tex/generic/pgf/utilities/pgfrcs.code.tex
Package: pgfrcs 2006/10/26 v1.10 (rcs-revision 1.14)
))
(/usr/local/texlive/2007/texmf-dist/tex/generic/pgf/systemlayer/pgfsys.code.tex
Package: pgfsys 2006/10/16 v1.10 (rcs-revision 1.19)
\pgf@x=\dimen121
\pgf@y=\dimen122
\pgf@xa=\dimen123
\pgf@ya=\dimen124
\pgf@xb=\dimen125
\pgf@yb=\dimen126
\pgf@xc=\dimen127
\pgf@yc=\dimen128
(/usr/local/texlive/2007/texmf-dist/tex/generic/pgf/systemlayer/pgf.cfg
File: pgf.cfg 2006/10/11  (rcs-revision 1.2)
)
Package pgfsys Info: Driver file for pgf: pgfsys-pdftex.def on input line 845.

(/usr/local/texlive/2007/texmf-dist/tex/generic/pgf/systemlayer/pgfsys-pdftex.d
ef
File: pgfsys-pdftex.def 2006/10/23  (rcs-revision 1.14)

(/usr/local/texlive/2007/texmf-dist/tex/generic/pgf/systemlayer/pgfsys-common-p
df.def
File: pgfsys-common-pdf.def 2006/10/16  (rcs-revision 1.7)
)))
(/usr/local/texlive/2007/texmf-dist/tex/generic/pgf/systemlayer/pgfsyssoftpath.
code.tex
File: pgfsyssoftpath.code.tex 2006/10/16  (rcs-revision 1.4)
)
(/usr/local/texlive/2007/texmf-dist/tex/generic/pgf/systemlayer/pgfsysprotocol.
code.tex
File: pgfsysprotocol.code.tex 2006/10/16  (rcs-revision 1.4)
)) (/usr/local/texlive/2007/texmf-dist/tex/latex/xcolor/xcolor.sty
Package: xcolor 2007/01/21 v2.11 LaTeX color extensions (UK)

(/usr/local/texlive/2007/texmf/tex/latex/config/color.cfg
File: color.cfg 2007/01/18 v1.5 color configuration of teTeX/TeXLive
)
Package xcolor Info: Driver file: pdftex.def on input line 225.
Package xcolor Info: Model `cmy' substituted by `cmy0' on input line 1337.
Package xcolor Info: Model `hsb' substituted by `rgb' on input line 1341.
Package xcolor Info: Model `RGB' extended on input line 1353.
Package xcolor Info: Model `HTML' substituted by `rgb' on input line 1355.
Package xcolor Info: Model `Hsb' substituted by `hsb' on input line 1356.
Package xcolor Info: Model `tHsb' substituted by `hsb' on input line 1357.
Package xcolor Info: Model `HSB' substituted by `hsb' on input line 1358.
Package xcolor Info: Model `Gray' substituted by `gray' on input line 1359.
Package xcolor Info: Model `wave' substituted by `hsb' on input line 1360.
)
(/usr/local/texlive/2007/texmf-dist/tex/generic/pgf/basiclayer/pgfcore.code.tex
Package: pgfcore 2006/10/11 v1.10 (rcs-revision 1.4)

(/usr/local/texlive/2007/texmf-dist/tex/generic/pgf/basiclayer/pgfcoremath.code
.tex
File: pgfcoremath.code.tex 2006/10/15  (rcs-revision 1.3)
\c@pgf@counta=\count103
\c@pgf@countb=\count104
\c@pgf@countc=\count105
\c@pgf@countd=\count106
)
(/usr/local/texlive/2007/texmf-dist/tex/generic/pgf/basiclayer/pgfcorepoints.co
de.tex
File: pgfcorepoints.code.tex 2006/10/16  (rcs-revision 1.7)
\pgf@picminx=\dimen129
\pgf@picmaxx=\dimen130
\pgf@picminy=\dimen131
\pgf@picmaxy=\dimen132
\pgf@pathminx=\dimen133
\pgf@pathmaxx=\dimen134
\pgf@pathminy=\dimen135
\pgf@pathmaxy=\dimen136
\pgf@tempdim=\dimen137
\c@pgf@tempcount=\count107
\pgf@xx=\dimen138
\pgf@xy=\dimen139
\pgf@yx=\dimen140
\pgf@yy=\dimen141
\pgf@zx=\dimen142
\pgf@zy=\dimen143
)
(/usr/local/texlive/2007/texmf-dist/tex/generic/pgf/basiclayer/pgfcorepathconst
ruct.code.tex
File: pgfcorepathconstruct.code.tex 2006/10/16  (rcs-revision 1.6)
\pgf@path@lastx=\dimen144
\pgf@path@lasty=\dimen145
)
(/usr/local/texlive/2007/texmf-dist/tex/generic/pgf/basiclayer/pgfcorepathusage
.code.tex
File: pgfcorepathusage.code.tex 2006/10/16  (rcs-revision 1.7)
\pgf@shorten@end@additional=\dimen146
\pgf@shorten@start@additional=\dimen147
)
(/usr/local/texlive/2007/texmf-dist/tex/generic/pgf/basiclayer/pgfcorescopes.co
de.tex
File: pgfcorescopes.code.tex 2006/10/23  (rcs-revision 1.20)
\pgfpic=\box34
\pgf@hbox=\box35
\pgf@layerbox@main=\box36
\pgf@picture@serial@count=\count108
)
(/usr/local/texlive/2007/texmf-dist/tex/generic/pgf/basiclayer/pgfcoregraphicst
ate.code.tex
File: pgfcoregraphicstate.code.tex 2006/10/16  (rcs-revision 1.6)
\pgflinewidth=\dimen148
)
(/usr/local/texlive/2007/texmf-dist/tex/generic/pgf/basiclayer/pgfcoretransform
ations.code.tex
File: pgfcoretransformations.code.tex 2006/10/11  (rcs-revision 1.4)
\pgf@pt@x=\dimen149
\pgf@pt@y=\dimen150
\pgf@pt@temp=\dimen151
)
(/usr/local/texlive/2007/texmf-dist/tex/generic/pgf/basiclayer/pgfcorequick.cod
e.tex
File: pgfcorequick.code.tex 2006/10/11  (rcs-revision 1.2)
)
(/usr/local/texlive/2007/texmf-dist/tex/generic/pgf/basiclayer/pgfcoreobjects.c
ode.tex
File: pgfcoreobjects.code.tex 2006/10/11  (rcs-revision 1.2)
)
(/usr/local/texlive/2007/texmf-dist/tex/generic/pgf/basiclayer/pgfcorepathproce
ssing.code.tex
File: pgfcorepathprocessing.code.tex 2006/10/16  (rcs-revision 1.5)
)
(/usr/local/texlive/2007/texmf-dist/tex/generic/pgf/basiclayer/pgfcorearrows.co
de.tex
File: pgfcorearrows.code.tex 2006/10/16  (rcs-revision 1.6)
)
(/usr/local/texlive/2007/texmf-dist/tex/generic/pgf/basiclayer/pgfcoreshade.cod
e.tex
File: pgfcoreshade.code.tex 2006/10/16  (rcs-revision 1.7)
\pgf@max=\dimen152
\pgf@sys@shading@range@num=\count109
)))
(/usr/local/texlive/2007/texmf-dist/tex/latex/pgf/basiclayer/pgfbaseimage.sty
(/usr/local/texlive/2007/texmf-dist/tex/generic/pgf/basiclayer/pgfbaseimage.cod
e.tex
Package: pgfbaseimage 2006/10/16 v1.10 (rcs-revision 1.5)
)) (/usr/local/texlive/2007/texmf-dist/tex/latex/pgf/utilities/xxcolor.sty
Package: xxcolor 2003/10/24 ver 0.1
\XC@nummixins=\count110
\XC@countmixins=\count111
) (/usr/local/texlive/2007/texmf-dist/tex/latex/amsfonts/amssymb.sty
Package: amssymb 2002/01/22 v2.2d

(/usr/local/texlive/2007/texmf-dist/tex/latex/amsfonts/amsfonts.sty
Package: amsfonts 2001/10/25 v2.2f
\@emptytoks=\toks15
\symAMSa=\mathgroup4
\symAMSb=\mathgroup5
LaTeX Font Info:    Overwriting math alphabet `\mathfrak' in version `bold'
(Font)                  U/euf/m/n --> U/euf/b/n on input line 132.
))
(/usr/local/texlive/2007/texmf-dist/tex/latex/geometry/geometry.sty
Package: geometry 2002/07/08 v3.2 Page Geometry
\Gm@cnth=\count112
\Gm@cntv=\count113
\c@Gm@tempcnt=\count114
\Gm@bindingoffset=\dimen153
\Gm@wd@mp=\dimen154
\Gm@odd@mp=\dimen155
\Gm@even@mp=\dimen156
\Gm@dimlist=\toks16

(/usr/local/texlive/2007/texmf-dist/tex/xelatex/xetexconfig/geometry.cfg))
(/usr/local/texlive/2007/texmf-dist/tex/latex/hyperref/hyperref.sty
Package: hyperref 2007/02/07 v6.75r Hypertext links for LaTeX
\@linkdim=\dimen157
\Hy@linkcounter=\count115
\Hy@pagecounter=\count116

(/usr/local/texlive/2007/texmf-dist/tex/latex/hyperref/pd1enc.def
File: pd1enc.def 2007/02/07 v6.75r Hyperref: PDFDocEncoding definition (HO)
)
(/usr/local/texlive/2007/texmf/tex/latex/config/hyperref.cfg
File: hyperref.cfg 2002/06/06 v1.2 hyperref configuration of TeXLive
)
(/usr/local/texlive/2007/texmf-dist/tex/latex/oberdiek/kvoptions.sty
Package: kvoptions 2006/08/22 v2.4 Connects package keyval with LaTeX options (
HO)
)
Package hyperref Info: Option `bookmarks' set `true' on input line 2238.
Package hyperref Info: Option `bookmarksopen' set `true' on input line 2238.
Package hyperref Info: Option `implicit' set `false' on input line 2238.
Package hyperref Info: Hyper figures OFF on input line 2288.
Package hyperref Info: Link nesting OFF on input line 2293.
Package hyperref Info: Hyper index ON on input line 2296.
Package hyperref Info: Plain pages OFF on input line 2303.
Package hyperref Info: Backreferencing OFF on input line 2308.

Implicit mode OFF; no redefinition of LaTeX internals
Package hyperref Info: Bookmarks ON on input line 2444.
(/usr/local/texlive/2007/texmf-dist/tex/latex/ltxmisc/url.sty
\Urlmuskip=\muskip10
Package: url 2005/06/27  ver 3.2  Verb mode for urls, etc.
)
LaTeX Info: Redefining \url on input line 2599.
\Fld@menulength=\count117
\Field@Width=\dimen158
\Fld@charsize=\dimen159
\Choice@toks=\toks17
\Field@toks=\toks18
Package hyperref Info: Hyper figures OFF on input line 3102.
Package hyperref Info: Link nesting OFF on input line 3107.
Package hyperref Info: Hyper index ON on input line 3110.
Package hyperref Info: backreferencing OFF on input line 3117.
Package hyperref Info: Link coloring OFF on input line 3122.


Package hyperref Warning: Option `pdfpagelabels' is turned off
(hyperref)                because \thepage is undefined.

Hyperref stopped early
)
*hyperref using default driver hpdftex*
(/usr/local/texlive/2007/texmf-dist/tex/latex/hyperref/hpdftex.def
File: hpdftex.def 2007/02/07 v6.75r Hyperref driver for pdfTeX
\Fld@listcount=\count118
)
(/usr/local/texlive/2007/texmf-dist/tex/latex/base/size11.clo
File: size11.clo 2005/09/16 v1.4f Standard LaTeX file (size option)
)
(/usr/local/texlive/2007/texmf-dist/tex/latex/beamer/beamerbasecompatibility.st
y
Package: beamerbasecompatibility 2005/01/25  (rcs-revision 1.60)
) (/usr/local/texlive/2007/texmf-dist/tex/latex/beamer/beamerbasefont.sty
Package: beamerbasefont 2005/05/17  (rcs-revision 1.15)
)
(/usr/local/texlive/2007/texmf-dist/tex/latex/beamer/beamerbasemisc.sty
Package: beamerbasemisc 2005/05/17  (rcs-revision 1.23)
)
(/usr/local/texlive/2007/texmf-dist/tex/latex/beamer/beamerbasetwoscreens.sty
Package: beamerbasetwoscreens 2005/10/14  (rcs-revision 1.6)
)
(/usr/local/texlive/2007/texmf-dist/tex/latex/beamer/beamerbaseoverlay.sty
Package: beamerbaseoverlay 2005/05/18  (rcs-revision 1.49)
\beamer@argscount=\count119
\beamer@lastskipcover=\skip42
\beamer@trivlistdepth=\count120
)
(/usr/local/texlive/2007/texmf-dist/tex/latex/beamer/beamerbasetitle.sty
Package: beamerbasetitle 2005/10/23  (rcs-revision 1.23)
)
(/usr/local/texlive/2007/texmf-dist/tex/latex/beamer/beamerbasesection.sty
Package: beamerbasesection 2005/04/20  (rcs-revision 1.18)
\c@lecture=\count121
\c@part=\count122
\c@section=\count123
\c@subsection=\count124
\c@subsubsection=\count125
)
(/usr/local/texlive/2007/texmf-dist/tex/latex/beamer/beamerbaseframe.sty
Package: beamerbaseframe 2005/06/02  (rcs-revision 1.58)
\beamer@framebox=\box37
\beamer@frametitlebox=\box38
\beamer@zoombox=\box39
\beamer@zoomcount=\count126
\beamer@zoomframecount=\count127
\beamer@frametextheight=\dimen160
\c@subsectionslide=\count128
\beamer@frametopskip=\skip43
\beamer@framebottomskip=\skip44
\beamer@frametopskipautobreak=\skip45
\beamer@framebottomskipautobreak=\skip46
\beamer@envbody=\toks19
\c@framenumber=\count129
)
(/usr/local/texlive/2007/texmf-dist/tex/latex/beamer/beamerbaseverbatim.sty
Package: beamerbaseverbatim 2005/04/12  (rcs-revision 1.6)
\beamer@verbatimfileout=\write3
)
(/usr/local/texlive/2007/texmf-dist/tex/latex/beamer/beamerbaseframesize.sty
Package: beamerbaseframesize 2005/06/09  (rcs-revision 1.17)
\beamer@splitbox=\box40
\beamer@autobreakcount=\count130
\beamer@autobreaklastheight=\dimen161
\beamer@frametitletoks=\toks20
\beamer@framesubtitletoks=\toks21
)
(/usr/local/texlive/2007/texmf-dist/tex/latex/beamer/beamerbaseframecomponents.
sty
Package: beamerbaseframecomponents 2004/11/08  (rcs-revision 1.40)
\beamer@footins=\box41
) (/usr/local/texlive/2007/texmf-dist/tex/latex/beamer/beamerbasecolor.sty
Package: beamerbasecolor 2005/01/25  (rcs-revision 1.41)
)
(/usr/local/texlive/2007/texmf-dist/tex/latex/beamer/beamerbasenotes.sty
Package: beamerbasenotes 2005/10/14  (rcs-revision 1.22)
\beamer@frameboxcopy=\box42
)
(/usr/local/texlive/2007/texmf-dist/tex/latex/beamer/beamerbasetoc.sty
Package: beamerbasetoc 2004/12/09  (rcs-revision 1.20)
)
(/usr/local/texlive/2007/texmf-dist/tex/latex/beamer/beamerbasetemplates.sty
Package: beamerbasetemplates 2004/10/07  (rcs-revision 1.50)
\beamer@sbttoks=\toks22

(/usr/local/texlive/2007/texmf-dist/tex/latex/beamer/beamerbaseauxtemplates.sty
Package: beamerbaseauxtemplates 2005/06/09  (rcs-revision 1.27)
(/usr/local/texlive/2007/texmf-dist/tex/latex/beamer/beamerbaseboxes.sty
Package: beamerbaseboxes 2005/06/09  (rcs-revision 1.28)
\bmb@box=\box43
\bmb@colorbox=\box44
\bmb@boxshadow=\box45
\bmb@boxshadowball=\box46
\bmb@boxshadowballlarge=\box47
\bmb@temp=\dimen162
\bmb@dima=\dimen163
\bmb@dimb=\dimen164
\bmb@prevheight=\dimen165
)
\beamer@blockheadheight=\dimen166
))
(/usr/local/texlive/2007/texmf-dist/tex/latex/beamer/beamerbaselocalstructure.s
ty
Package: beamerbaselocalstructure 2005/04/20  (rcs-revision 1.51)
 (/usr/local/texlive/2007/texmf-dist/tex/latex/tools/enumerate.sty
Package: enumerate 1999/03/05 v3.00 enumerate extensions (DPC)
\@enLab=\toks23
)
\c@figure=\count131
\c@table=\count132
\abovecaptionskip=\skip47
\belowcaptionskip=\skip48
)
(/usr/local/texlive/2007/texmf-dist/tex/latex/beamer/beamerbasenavigation.sty
Package: beamerbasenavigation 2005/06/01  (rcs-revision 1.34)
)
(/usr/local/texlive/2007/texmf-dist/tex/latex/beamer/beamerbasetheorems.sty
Package: beamerbasetheorems 2005/04/04  (rcs-revision 1.7)

(/usr/local/texlive/2007/texmf-dist/tex/latex/amsmath/amsmath.sty
Package: amsmath 2000/07/18 v2.13 AMS math features
\@mathmargin=\skip49

For additional information on amsmath, use the `?' option.
(/usr/local/texlive/2007/texmf-dist/tex/latex/amsmath/amstext.sty
Package: amstext 2000/06/29 v2.01

(/usr/local/texlive/2007/texmf-dist/tex/latex/amsmath/amsgen.sty
File: amsgen.sty 1999/11/30 v2.0
\@emptytoks=\toks24
\ex@=\dimen167
))
(/usr/local/texlive/2007/texmf-dist/tex/latex/amsmath/amsbsy.sty
Package: amsbsy 1999/11/29 v1.2d
\pmbraise@=\dimen168
)
(/usr/local/texlive/2007/texmf-dist/tex/latex/amsmath/amsopn.sty
Package: amsopn 1999/12/14 v2.01 operator names
)
\inf@bad=\count133
LaTeX Info: Redefining \frac on input line 211.
\uproot@=\count134
\leftroot@=\count135
LaTeX Info: Redefining \overline on input line 307.
\classnum@=\count136
\DOTSCASE@=\count137
LaTeX Info: Redefining \ldots on input line 379.
LaTeX Info: Redefining \dots on input line 382.
LaTeX Info: Redefining \cdots on input line 467.
\Mathstrutbox@=\box48
\strutbox@=\box49
\big@size=\dimen169
LaTeX Font Info:    Redeclaring font encoding OML on input line 567.
LaTeX Font Info:    Redeclaring font encoding OMS on input line 568.
\macc@depth=\count138
\c@MaxMatrixCols=\count139
\dotsspace@=\muskip11
\c@parentequation=\count140
\dspbrk@lvl=\count141
\tag@help=\toks25
\row@=\count142
\column@=\count143
\maxfields@=\count144
\andhelp@=\toks26
\eqnshift@=\dimen170
\alignsep@=\dimen171
\tagshift@=\dimen172
\tagwidth@=\dimen173
\totwidth@=\dimen174
\lineht@=\dimen175
\@envbody=\toks27
\multlinegap=\skip50
\multlinetaggap=\skip51
\mathdisplay@stack=\toks28
LaTeX Info: Redefining \[ on input line 2666.
LaTeX Info: Redefining \] on input line 2667.
)
(/usr/local/texlive/2007/texmf-dist/tex/latex/amscls/amsthm.sty
Package: amsthm 2004/08/06 v2.20
\thm@style=\toks29
\thm@bodyfont=\toks30
\thm@headfont=\toks31
\thm@notefont=\toks32
\thm@headpunct=\toks33
\thm@preskip=\skip52
\thm@postskip=\skip53
\thm@headsep=\skip54
\dth@everypar=\toks34
)
\c@theorem=\count145
)
(/usr/local/texlive/2007/texmf-dist/tex/latex/beamer/beamerbasethemes.sty
Package: beamerbasethemes 2004/10/07  (rcs-revision 1.9)
)
(/usr/local/texlive/2007/texmf-dist/tex/latex/beamer/themes/theme/beamerthemede
fault.sty
Package: beamerthemedefault 2004/10/07  (rcs-revision 1.6)

(/usr/local/texlive/2007/texmf-dist/tex/latex/beamer/themes/font/beamerfontthem
edefault.sty
Package: beamerfontthemedefault 2005/03/15  (rcs-revision 1.12)
)
(/usr/local/texlive/2007/texmf-dist/tex/latex/beamer/themes/color/beamercolorth
emedefault.sty
Package: beamercolorthemedefault 2005/03/15  (rcs-revision 1.27)
)
(/usr/local/texlive/2007/texmf-dist/tex/latex/beamer/themes/inner/beamerinnerth
emedefault.sty
Package: beamerinnerthemedefault 2005/06/17  (rcs-revision 1.19)
\beamer@dima=\dimen176
\beamer@dimb=\dimen177
)
(/usr/local/texlive/2007/texmf-dist/tex/latex/beamer/themes/outer/beamerouterth
emedefault.sty
Package: beamerouterthemedefault 2005/06/09  (rcs-revision 1.13)
)))
(/usr/local/texlive/2007/texmf-dist/tex/latex/beamer/themes/theme/beamerthemeDr
esden.sty
Package: beamerthemeDresden 2004/10/07  (rcs-revision 1.8)

(/usr/local/texlive/2007/texmf-dist/tex/latex/beamer/themes/outer/beamerouterth
ememiniframes.sty
Package: beamerouterthememiniframes 2004/10/14  (rcs-revision 1.7)
)
(/usr/local/texlive/2007/texmf-dist/tex/latex/beamer/themes/color/beamercolorth
emewhale.sty
Package: beamercolorthemewhale 2004/10/07  (rcs-revision 1.3)
)) (/usr/local/texlive/2007/texmf-dist/tex/latex/base/fontenc.sty
Package: fontenc 2005/09/27 v1.99g Standard LaTeX package

(/usr/local/texlive/2007/texmf-dist/tex/latex/base/t1enc.def
File: t1enc.def 2005/09/27 v1.99g Standard LaTeX file
LaTeX Font Info:    Redeclaring font encoding T1 on input line 43.
))
(/usr/local/texlive/2007/texmf-dist/tex/latex/base/inputenc.sty
Package: inputenc 2006/05/05 v1.1b Input encoding file
\inpenc@prehook=\toks35
\inpenc@posthook=\toks36

(/usr/local/texlive/2007/texmf-dist/tex/latex/base/utf8.def
File: utf8.def 2006/03/30 v1.1i UTF-8 support for inputenc
Now handling font encoding OML ...
... no UTF-8 mapping file for font encoding OML
Now handling font encoding T1 ...
... processing UTF-8 mapping file for font encodingT1

(/usr/local/texlive/2007/texmf-dist/tex/latex/base/t1enc.dfu
File: t1enc.dfu 2006/03/30 v1.1i UTF-8 support for inputenc
   defining Unicode char U+00A1 (decimal 161)
   defining Unicode char U+00A3 (decimal 163)
   defining Unicode char U+00AB (decimal 171)
   defining Unicode char U+00BB (decimal 187)
   defining Unicode char U+00BF (decimal 191)
   defining Unicode char U+00C0 (decimal 192)
   defining Unicode char U+00C1 (decimal 193)
   defining Unicode char U+00C2 (decimal 194)
   defining Unicode char U+00C3 (decimal 195)
   defining Unicode char U+00C4 (decimal 196)
   defining Unicode char U+00C5 (decimal 197)
   defining Unicode char U+00C6 (decimal 198)
   defining Unicode char U+00C7 (decimal 199)
   defining Unicode char U+00C8 (decimal 200)
   defining Unicode char U+00C9 (decimal 201)
   defining Unicode char U+00CA (decimal 202)
   defining Unicode char U+00CB (decimal 203)
   defining Unicode char U+00CC (decimal 204)
   defining Unicode char U+00CD (decimal 205)
   defining Unicode char U+00CE (decimal 206)
   defining Unicode char U+00CF (decimal 207)
   defining Unicode char U+00D0 (decimal 208)
   defining Unicode char U+00D1 (decimal 209)
   defining Unicode char U+00D2 (decimal 210)
   defining Unicode char U+00D3 (decimal 211)
   defining Unicode char U+00D4 (decimal 212)
   defining Unicode char U+00D5 (decimal 213)
   defining Unicode char U+00D6 (decimal 214)
   defining Unicode char U+00D8 (decimal 216)
   defining Unicode char U+00D9 (decimal 217)
   defining Unicode char U+00DA (decimal 218)
   defining Unicode char U+00DB (decimal 219)
   defining Unicode char U+00DC (decimal 220)
   defining Unicode char U+00DD (decimal 221)
   defining Unicode char U+00DE (decimal 222)
   defining Unicode char U+00DF (decimal 223)
   defining Unicode char U+00E0 (decimal 224)
   defining Unicode char U+00E1 (decimal 225)
   defining Unicode char U+00E2 (decimal 226)
   defining Unicode char U+00E3 (decimal 227)
   defining Unicode char U+00E4 (decimal 228)
   defining Unicode char U+00E5 (decimal 229)
   defining Unicode char U+00E6 (decimal 230)
   defining Unicode char U+00E7 (decimal 231)
   defining Unicode char U+00E8 (decimal 232)
   defining Unicode char U+00E9 (decimal 233)
   defining Unicode char U+00EA (decimal 234)
   defining Unicode char U+00EB (decimal 235)
   defining Unicode char U+00EC (decimal 236)
   defining Unicode char U+00ED (decimal 237)
   defining Unicode char U+00EE (decimal 238)
   defining Unicode char U+00EF (decimal 239)
   defining Unicode char U+00F0 (decimal 240)
   defining Unicode char U+00F1 (decimal 241)
   defining Unicode char U+00F2 (decimal 242)
   defining Unicode char U+00F3 (decimal 243)
   defining Unicode char U+00F4 (decimal 244)
   defining Unicode char U+00F5 (decimal 245)
   defining Unicode char U+00F6 (decimal 246)
   defining Unicode char U+00F8 (decimal 248)
   defining Unicode char U+00F9 (decimal 249)
   defining Unicode char U+00FA (decimal 250)
   defining Unicode char U+00FB (decimal 251)
   defining Unicode char U+00FC (decimal 252)
   defining Unicode char U+00FD (decimal 253)
   defining Unicode char U+00FE (decimal 254)
   defining Unicode char U+00FF (decimal 255)
   defining Unicode char U+0102 (decimal 258)
   defining Unicode char U+0103 (decimal 259)
   defining Unicode char U+0104 (decimal 260)
   defining Unicode char U+0105 (decimal 261)
   defining Unicode char U+0106 (decimal 262)
   defining Unicode char U+0107 (decimal 263)
   defining Unicode char U+010C (decimal 268)
   defining Unicode char U+010D (decimal 269)
   defining Unicode char U+010E (decimal 270)
   defining Unicode char U+010F (decimal 271)
   defining Unicode char U+0110 (decimal 272)
   defining Unicode char U+0111 (decimal 273)
   defining Unicode char U+0118 (decimal 280)
   defining Unicode char U+0119 (decimal 281)
   defining Unicode char U+011A (decimal 282)
   defining Unicode char U+011B (decimal 283)
   defining Unicode char U+011E (decimal 286)
   defining Unicode char U+011F (decimal 287)
   defining Unicode char U+0130 (decimal 304)
   defining Unicode char U+0131 (decimal 305)
   defining Unicode char U+0132 (decimal 306)
   defining Unicode char U+0133 (decimal 307)
   defining Unicode char U+0139 (decimal 313)
   defining Unicode char U+013A (decimal 314)
   defining Unicode char U+013D (decimal 317)
   defining Unicode char U+013E (decimal 318)
   defining Unicode char U+0141 (decimal 321)
   defining Unicode char U+0142 (decimal 322)
   defining Unicode char U+0143 (decimal 323)
   defining Unicode char U+0144 (decimal 324)
   defining Unicode char U+0147 (decimal 327)
   defining Unicode char U+0148 (decimal 328)
   defining Unicode char U+014A (decimal 330)
   defining Unicode char U+014B (decimal 331)
   defining Unicode char U+0150 (decimal 336)
   defining Unicode char U+0151 (decimal 337)
   defining Unicode char U+0152 (decimal 338)
   defining Unicode char U+0153 (decimal 339)
   defining Unicode char U+0154 (decimal 340)
   defining Unicode char U+0155 (decimal 341)
   defining Unicode char U+0158 (decimal 344)
   defining Unicode char U+0159 (decimal 345)
   defining Unicode char U+015A (decimal 346)
   defining Unicode char U+015B (decimal 347)
   defining Unicode char U+015E (decimal 350)
   defining Unicode char U+015F (decimal 351)
   defining Unicode char U+0160 (decimal 352)
   defining Unicode char U+0161 (decimal 353)
   defining Unicode char U+0162 (decimal 354)
   defining Unicode char U+0163 (decimal 355)
   defining Unicode char U+0164 (decimal 356)
   defining Unicode char U+0165 (decimal 357)
   defining Unicode char U+016E (decimal 366)
   defining Unicode char U+016F (decimal 367)
   defining Unicode char U+0170 (decimal 368)
   defining Unicode char U+0171 (decimal 369)
   defining Unicode char U+0178 (decimal 376)
   defining Unicode char U+0179 (decimal 377)
   defining Unicode char U+017A (decimal 378)
   defining Unicode char U+017B (decimal 379)
   defining Unicode char U+017C (decimal 380)
   defining Unicode char U+017D (decimal 381)
   defining Unicode char U+017E (decimal 382)
   defining Unicode char U+200C (decimal 8204)
   defining Unicode char U+2013 (decimal 8211)
   defining Unicode char U+2014 (decimal 8212)
   defining Unicode char U+2018 (decimal 8216)
   defining Unicode char U+2019 (decimal 8217)
   defining Unicode char U+201A (decimal 8218)
   defining Unicode char U+201C (decimal 8220)
   defining Unicode char U+201D (decimal 8221)
   defining Unicode char U+201E (decimal 8222)
   defining Unicode char U+2030 (decimal 8240)
   defining Unicode char U+2031 (decimal 8241)
   defining Unicode char U+2039 (decimal 8249)
   defining Unicode char U+203A (decimal 8250)
   defining Unicode char U+2423 (decimal 9251)
)
Now handling font encoding OT1 ...
... processing UTF-8 mapping file for font encodingOT1

(/usr/local/texlive/2007/texmf-dist/tex/latex/base/ot1enc.dfu
File: ot1enc.dfu 2006/03/30 v1.1i UTF-8 support for inputenc
   defining Unicode char U+00A1 (decimal 161)
   defining Unicode char U+00A3 (decimal 163)
   defining Unicode char U+00B8 (decimal 184)
   defining Unicode char U+00BF (decimal 191)
   defining Unicode char U+00C5 (decimal 197)
   defining Unicode char U+00C6 (decimal 198)
   defining Unicode char U+00D8 (decimal 216)
   defining Unicode char U+00DF (decimal 223)
   defining Unicode char U+00E6 (decimal 230)
   defining Unicode char U+00EC (decimal 236)
   defining Unicode char U+00ED (decimal 237)
   defining Unicode char U+00EE (decimal 238)
   defining Unicode char U+00EF (decimal 239)
   defining Unicode char U+00F8 (decimal 248)
   defining Unicode char U+0131 (decimal 305)
   defining Unicode char U+0141 (decimal 321)
   defining Unicode char U+0142 (decimal 322)
   defining Unicode char U+0152 (decimal 338)
   defining Unicode char U+0153 (decimal 339)
   defining Unicode char U+2013 (decimal 8211)
   defining Unicode char U+2014 (decimal 8212)
   defining Unicode char U+2018 (decimal 8216)
   defining Unicode char U+2019 (decimal 8217)
   defining Unicode char U+201C (decimal 8220)
   defining Unicode char U+201D (decimal 8221)
)
Now handling font encoding OMS ...
... processing UTF-8 mapping file for font encodingOMS

(/usr/local/texlive/2007/texmf-dist/tex/latex/base/omsenc.dfu
File: omsenc.dfu 2006/03/30 v1.1i UTF-8 support for inputenc
   defining Unicode char U+00A7 (decimal 167)
   defining Unicode char U+00B6 (decimal 182)
   defining Unicode char U+00B7 (decimal 183)
   defining Unicode char U+2020 (decimal 8224)
   defining Unicode char U+2021 (decimal 8225)
   defining Unicode char U+2022 (decimal 8226)
)
Now handling font encoding OMX ...
... no UTF-8 mapping file for font encoding OMX
Now handling font encoding U ...
... no UTF-8 mapping file for font encoding U
Now handling font encoding PD1 ...
... no UTF-8 mapping file for font encoding PD1
   defining Unicode char U+00A9 (decimal 169)
   defining Unicode char U+00AA (decimal 170)
   defining Unicode char U+00AE (decimal 174)
   defining Unicode char U+00BA (decimal 186)
   defining Unicode char U+02C6 (decimal 710)
   defining Unicode char U+02DC (decimal 732)
   defining Unicode char U+200C (decimal 8204)
   defining Unicode char U+2026 (decimal 8230)
   defining Unicode char U+2122 (decimal 8482)
   defining Unicode char U+2423 (decimal 9251)
))
(/usr/local/texlive/2007/texmf-dist/tex/generic/babel/babel.sty
Package: babel 2005/11/23 v3.8h The Babel package

(/usr/local/texlive/2007/texmf-dist/tex/generic/babel/magyar.ldf
Language: magyar 2005/03/30 v1.4j Magyar support from the babel system

(/usr/local/texlive/2007/texmf-dist/tex/generic/babel/babel.def
File: babel.def 2005/11/23 v3.8h Babel common definitions
LaTeX Info: Redefining \textlatin on input line 82.
\babel@savecnt=\count146
\U@D=\dimen178
)
Package babel Info: Making ` an active character on input line 597.
))

Package hyperref Warning: Glyph not defined in PD1 encoding,
(hyperref)                removing `\H' on input line 29.


Package hyperref Warning: Glyph not defined in PD1 encoding,
(hyperref)                removing `\H' on input line 29.

(./TDK_prez.aux

LaTeX Warning: Label `exampleframe<1>' multiply defined.


LaTeX Warning: Label `exampleframe' multiply defined.


LaTeX Warning: Label `exampleframe<1>' multiply defined.


LaTeX Warning: Label `exampleframe' multiply defined.


LaTeX Warning: Label `exampleframe<2>' multiply defined.


LaTeX Warning: Label `exampleframe<3>' multiply defined.


LaTeX Warning: Label `exampleframe<4>' multiply defined.


LaTeX Warning: Label `exampleframe<1>' multiply defined.


LaTeX Warning: Label `exampleframe' multiply defined.


LaTeX Warning: Label `exampleframe<1>' multiply defined.


LaTeX Warning: Label `exampleframe' multiply defined.


LaTeX Warning: Label `exampleframe<2>' multiply defined.


LaTeX Warning: Label `exampleframe<3>' multiply defined.


LaTeX Warning: Label `exampleframe<4>' multiply defined.


LaTeX Warning: Label `exampleframe<1>' multiply defined.


LaTeX Warning: Label `exampleframe' multiply defined.


LaTeX Warning: Label `exampleframe<2>' multiply defined.


LaTeX Warning: Label `exampleframe<3>' multiply defined.


LaTeX Warning: Label `exampleframe<4>' multiply defined.


LaTeX Warning: Label `exampleframe<5>' multiply defined.


LaTeX Warning: Label `exampleframe<6>' multiply defined.


LaTeX Warning: Label `exampleframe<1>' multiply defined.


LaTeX Warning: Label `exampleframe' multiply defined.


LaTeX Warning: Label `exampleframe<2>' multiply defined.


LaTeX Warning: Label `exampleframe<3>' multiply defined.


LaTeX Warning: Label `exampleframe<4>' multiply defined.


LaTeX Warning: Label `exampleframe<5>' multiply defined.


LaTeX Warning: Label `exampleframe<6>' multiply defined.


LaTeX Warning: Label `exampleframe<7>' multiply defined.


LaTeX Warning: Label `exampleframe<1>' multiply defined.


LaTeX Warning: Label `exampleframe' multiply defined.


LaTeX Warning: Label `exampleframe<2>' multiply defined.


LaTeX Warning: Label `exampleframe<3>' multiply defined.


LaTeX Warning: Label `exampleframe<4>' multiply defined.


LaTeX Warning: Label `exampleframe<1>' multiply defined.


LaTeX Warning: Label `exampleframe' multiply defined.


LaTeX Warning: Label `exampleframe<1>' multiply defined.


LaTeX Warning: Label `exampleframe' multiply defined.


LaTeX Warning: Label `exampleframe<2>' multiply defined.


LaTeX Warning: Label `exampleframe<3>' multiply defined.


LaTeX Warning: Label `exampleframe<4>' multiply defined.


LaTeX Warning: Label `exampleframe<5>' multiply defined.


LaTeX Warning: Label `exampleframe<6>' multiply defined.


LaTeX Warning: Label `exampleframe<7>' multiply defined.


LaTeX Warning: Label `exampleframe<1>' multiply defined.


LaTeX Warning: Label `exampleframe' multiply defined.


LaTeX Warning: Label `exampleframe<2>' multiply defined.


LaTeX Warning: Label `exampleframe<3>' multiply defined.


LaTeX Warning: Label `exampleframe<4>' multiply defined.


LaTeX Warning: Label `exampleframe<5>' multiply defined.


LaTeX Warning: Label `exampleframe<6>' multiply defined.


LaTeX Warning: Label `exampleframe<1>' multiply defined.


LaTeX Warning: Label `exampleframe' multiply defined.


LaTeX Warning: Label `exampleframe<1>' multiply defined.


LaTeX Warning: Label `exampleframe' multiply defined.


LaTeX Warning: Label `exampleframe<1>' multiply defined.


LaTeX Warning: Label `exampleframe' multiply defined.


LaTeX Warning: Label `exampleframe<2>' multiply defined.


LaTeX Warning: Label `exampleframe<3>' multiply defined.


LaTeX Warning: Label `exampleframe<1>' multiply defined.


LaTeX Warning: Label `exampleframe' multiply defined.


LaTeX Warning: Label `exampleframe<1>' multiply defined.


LaTeX Warning: Label `exampleframe' multiply defined.


LaTeX Warning: Label `exampleframe<1>' multiply defined.


LaTeX Warning: Label `exampleframe' multiply defined.


LaTeX Warning: Label `exampleframe<2>' multiply defined.


LaTeX Warning: Label `exampleframe<3>' multiply defined.


LaTeX Warning: Label `exampleframe<4>' multiply defined.


LaTeX Warning: Label `exampleframe<1>' multiply defined.


LaTeX Warning: Label `exampleframe' multiply defined.


LaTeX Warning: Label `exampleframe<2>' multiply defined.


LaTeX Warning: Label `exampleframe<3>' multiply defined.


LaTeX Warning: Label `exampleframe<4>' multiply defined.


LaTeX Warning: Label `exampleframe<5>' multiply defined.


LaTeX Warning: Label `exampleframe<1>' multiply defined.


LaTeX Warning: Label `exampleframe' multiply defined.


LaTeX Warning: Label `exampleframe<1>' multiply defined.


LaTeX Warning: Label `exampleframe' multiply defined.


LaTeX Warning: Label `exampleframe<1>' multiply defined.


LaTeX Warning: Label `exampleframe' multiply defined.


LaTeX Warning: Label `exampleframe<1>' multiply defined.


LaTeX Warning: Label `exampleframe' multiply defined.


LaTeX Warning: Label `exampleframe<1>' multiply defined.


LaTeX Warning: Label `exampleframe' multiply defined.


LaTeX Warning: Label `exampleframe<2>' multiply defined.


LaTeX Warning: Label `exampleframe<3>' multiply defined.


LaTeX Warning: Label `exampleframe<4>' multiply defined.


LaTeX Warning: Label `exampleframe<5>' multiply defined.


LaTeX Warning: Label `exampleframe<1>' multiply defined.


LaTeX Warning: Label `exampleframe' multiply defined.


LaTeX Warning: Label `exampleframe<1>' multiply defined.


LaTeX Warning: Label `exampleframe' multiply defined.


LaTeX Warning: Label `exampleframe<1>' multiply defined.


LaTeX Warning: Label `exampleframe' multiply defined.


LaTeX Warning: Label `exampleframe<1>' multiply defined.


LaTeX Warning: Label `exampleframe' multiply defined.

)
\openout1 = `TDK_prez.aux'.

LaTeX Font Info:    Checking defaults for OML/cmm/m/it on input line 29.
LaTeX Font Info:    ... okay on input line 29.
LaTeX Font Info:    Checking defaults for T1/cmr/m/n on input line 29.
LaTeX Font Info:    ... okay on input line 29.
LaTeX Font Info:    Checking defaults for OT1/cmr/m/n on input line 29.
LaTeX Font Info:    ... okay on input line 29.
LaTeX Font Info:    Checking defaults for OMS/cmsy/m/n on input line 29.
LaTeX Font Info:    ... okay on input line 29.
LaTeX Font Info:    Checking defaults for OMX/cmex/m/n on input line 29.
LaTeX Font Info:    ... okay on input line 29.
LaTeX Font Info:    Checking defaults for U/cmr/m/n on input line 29.
LaTeX Font Info:    ... okay on input line 29.
LaTeX Font Info:    Checking defaults for PD1/pdf/m/n on input line 29.
LaTeX Font Info:    ... okay on input line 29.
 (/usr/local/texlive/2007/texmf-dist/tex/context/base/supp-pdf.tex
[Loading MPS to PDF converter (version 2006.09.02).]
\scratchcounter=\count147
\scratchdimen=\dimen179
\scratchbox=\box50
\nofMPsegments=\count148
\nofMParguments=\count149
\MPscratchCnt=\count150
\MPscratchDim=\dimen180
\MPnumerator=\count151
\everyMPtoPDFconversion=\toks37
)
-------------------- Geometry parameters
paper: user defined
landscape: --
twocolumn: --
twoside: --
asymmetric: --
h-parts: 28.45274pt, 307.28987pt, 28.45274pt
v-parts: 0.0pt, 273.14662pt, 0.0pt
hmarginratio: --
vmarginratio: --
lines: --
heightrounded: --
bindingoffset: 0.0pt
truedimen: --
includehead: true
includefoot: true
includemp: --
driver: pdftex
-------------------- Page layout dimensions and switches
\paperwidth  364.19536pt
\paperheight 273.14662pt
\textwidth  307.28987pt
\textheight 244.6939pt
\oddsidemargin  -43.81725pt
\evensidemargin -43.81725pt
\topmargin  -72.26999pt
\headheight 14.22636pt
\headsep    0.0pt
\footskip   14.22636pt
\marginparwidth 4.0pt
\marginparsep   10.0pt
\columnsep  10.0pt
\skip\footins  10.0pt plus 4.0pt minus 2.0pt
\hoffset 0.0pt
\voffset 0.0pt
\mag 1000

(1in=72.27pt, 1cm=28.45pt)
-----------------------
Package hyperref Info: Link coloring OFF on input line 29.
 (/usr/local/texlive/2007/texmf-dist/tex/latex/hyperref/nameref.sty
Package: nameref 2006/12/27 v2.28 Cross-referencing by name of section

(/usr/local/texlive/2007/texmf-dist/tex/latex/oberdiek/refcount.sty
Package: refcount 2006/02/20 v3.0 Data extraction from references (HO)
)
\c@section@level=\count152
)
LaTeX Info: Redefining \ref on input line 29.
LaTeX Info: Redefining \pageref on input line 29.

(./TDK_prez.out) (./TDK_prez.out)
\@outlinefile=\write4
\openout4 = `TDK_prez.out'.

LaTeX Font Info:    Overwriting symbol font `operators' in version `normal'
(Font)                  OT1/cmr/m/n --> OT1/cmss/m/n on input line 29.
LaTeX Font Info:    Overwriting symbol font `operators' in version `bold'
(Font)                  OT1/cmr/bx/n --> OT1/cmss/bx/n on input line 29.
\symnumbers=\mathgroup6
\sympureletters=\mathgroup7
LaTeX Font Info:    Overwriting math alphabet `\mathrm' in version `normal'
(Font)                  OT1/cmss/m/n --> T1/cmr/m/n on input line 29.
LaTeX Font Info:    Redeclaring math alphabet \mathbf on input line 29.
LaTeX Font Info:    Overwriting math alphabet `\mathbf' in version `normal'
(Font)                  OT1/cmr/bx/n --> T1/cmss/bx/n on input line 29.
LaTeX Font Info:    Overwriting math alphabet `\mathbf' in version `bold'
(Font)                  OT1/cmr/bx/n --> T1/cmss/bx/n on input line 29.
LaTeX Font Info:    Redeclaring math alphabet \mathsf on input line 29.
LaTeX Font Info:    Overwriting math alphabet `\mathsf' in version `normal'
(Font)                  OT1/cmss/m/n --> T1/cmss/m/n on input line 29.
LaTeX Font Info:    Overwriting math alphabet `\mathsf' in version `bold'
(Font)                  OT1/cmss/bx/n --> T1/cmss/m/n on input line 29.
LaTeX Font Info:    Redeclaring math alphabet \mathit on input line 29.
LaTeX Font Info:    Overwriting math alphabet `\mathit' in version `normal'
(Font)                  OT1/cmr/m/it --> T1/cmss/m/it on input line 29.
LaTeX Font Info:    Overwriting math alphabet `\mathit' in version `bold'
(Font)                  OT1/cmr/bx/it --> T1/cmss/m/it on input line 29.
LaTeX Font Info:    Redeclaring math alphabet \mathtt on input line 29.
LaTeX Font Info:    Overwriting math alphabet `\mathtt' in version `normal'
(Font)                  OT1/cmtt/m/n --> T1/cmtt/m/n on input line 29.
LaTeX Font Info:    Overwriting math alphabet `\mathtt' in version `bold'
(Font)                  OT1/cmtt/m/n --> T1/cmtt/m/n on input line 29.
LaTeX Font Info:    Overwriting symbol font `numbers' in version `bold'
(Font)                  T1/cmss/m/n --> T1/cmss/bx/n on input line 29.
LaTeX Font Info:    Overwriting symbol font `pureletters' in version `bold'
(Font)                  T1/cmss/m/it --> T1/cmss/bx/it on input line 29.
LaTeX Font Info:    Overwriting math alphabet `\mathrm' in version `bold'
(Font)                  OT1/cmss/bx/n --> T1/cmr/bx/n on input line 29.
LaTeX Font Info:    Overwriting math alphabet `\mathbf' in version `bold'
(Font)                  T1/cmss/bx/n --> T1/cmss/bx/n on input line 29.
LaTeX Font Info:    Overwriting math alphabet `\mathsf' in version `bold'
(Font)                  T1/cmss/m/n --> T1/cmss/bx/n on input line 29.
LaTeX Font Info:    Overwriting math alphabet `\mathit' in version `bold'
(Font)                  T1/cmss/m/it --> T1/cmss/bx/it on input line 29.
LaTeX Font Info:    Overwriting math alphabet `\mathtt' in version `bold'
(Font)                  T1/cmtt/m/n --> T1/cmtt/bx/n on input line 29.
 (./TDK_prez.nav)

LaTeX Font Warning: Font shape `T1/cmss/m/n' in size <4> not available
(Font)              size <5> substituted on input line 31.

[1{/usr/local/texlive/2007/texmf-var/fonts/map/pdftex/updmap/pdftex.map}

]
LaTeX Font Info:    Try loading font information for U+msa on input line 55.

(/usr/local/texlive/2007/texmf-dist/tex/latex/amsfonts/umsa.fd
File: umsa.fd 2002/01/19 v2.2g AMS font definitions
)
LaTeX Font Info:    Try loading font information for U+msb on input line 55.

(/usr/local/texlive/2007/texmf-dist/tex/latex/amsfonts/umsb.fd
File: umsb.fd 2002/01/19 v2.2g AMS font definitions
) [2

] [3

]
[4

] [5

] [6

] [7

] [8

]pdfTeX warning (ext4): destination with the same identifier (name{exampleframe
<1>}) has been already used, duplicate ignored
<to be read again> 
                   \relax 
l.62 }
      pdfTeX warning (ext4): destination with the same identifier (name{example
frame}) has been already used, duplicate ignored
<to be read again> 
                   \relax 
l.62 }
       <TokenRing.png, id=310, 508.72412pt x 512.9753pt>
File: TokenRing.png Graphic file (type png)
 <use TokenRing.png>
[9

 <./TokenRing.png (PNG copy)>]pdfTeX warning (ext4): destination with the same 
identifier (name{exampleframe<1>}) has been already used, duplicate ignored
<to be read again> 
                   \relax 
l.80 }
      pdfTeX warning (ext4): destination with the same identifier (name{example
frame}) has been already used, duplicate ignored
<to be read again> 
                   \relax 
l.80 }
       [10

]pdfTeX warning (ext4): destination with the same identifier (name{exampleframe
<2>}) has been already used, duplicate ignored
<to be read again> 
                   \relax 
l.80 }
       [11

]pdfTeX warning (ext4): destination with the same identifier (name{exampleframe
<3>}) has been already used, duplicate ignored
<to be read again> 
                   \relax 
l.80 }
       [12

]pdfTeX warning (ext4): destination with the same identifier (name{exampleframe
<4>}) has been already used, duplicate ignored
<to be read again> 
                   \relax 
l.80 }
       [13

]pdfTeX warning (ext4): destination with the same identifier (name{exampleframe
<1>}) has been already used, duplicate ignored
<to be read again> 
                   \relax 
l.107 }
       pdfTeX warning (ext4): destination with the same identifier (name{exampl
eframe}) has been already used, duplicate ignored
<to be read again> 
                   \relax 
l.107 }
        <Blokk1.png, id=468, 741.12177pt x 429.36882pt>
File: Blokk1.png Graphic file (type png)
 <use Blokk1.png>
[14

 <./Blokk1.png (PNG copy)>]pdfTeX warning (ext4): destination with the same ide
ntifier (name{exampleframe<1>}) has been already used, duplicate ignored
<to be read again> 
                   \relax 
l.128 }
       pdfTeX warning (ext4): destination with the same identifier (name{exampl
eframe}) has been already used, duplicate ignored
<to be read again> 
                   \relax 
l.128 }
        [15

]pdfTeX warning (ext4): destination with the same identifier (name{exampleframe
<2>}) has been already used, duplicate ignored
<to be read again> 
                   \relax 
l.128 }
        [16

]pdfTeX warning (ext4): destination with the same identifier (name{exampleframe
<3>}) has been already used, duplicate ignored
<to be read again> 
                   \relax 
l.128 }
        [17

]pdfTeX warning (ext4): destination with the same identifier (name{exampleframe
<4>}) has been already used, duplicate ignored
<to be read again> 
                   \relax 
l.128 }
        [18

]pdfTeX warning (ext4): destination with the same identifier (name{exampleframe
<1>}) has been already used, duplicate ignored
<to be read again> 
                   \relax 
l.150 }
       pdfTeX warning (ext4): destination with the same identifier (name{exampl
eframe}) has been already used, duplicate ignored
<to be read again> 
                   \relax 
l.150 }
        [19

]pdfTeX warning (ext4): destination with the same identifier (name{exampleframe
<2>}) has been already used, duplicate ignored
<to be read again> 
                   \relax 
l.150 }
        [20

]pdfTeX warning (ext4): destination with the same identifier (name{exampleframe
<3>}) has been already used, duplicate ignored
<to be read again> 
                   \relax 
l.150 }
        [21

]pdfTeX warning (ext4): destination with the same identifier (name{exampleframe
<4>}) has been already used, duplicate ignored
<to be read again> 
                   \relax 
l.150 }
        [22

]pdfTeX warning (ext4): destination with the same identifier (name{exampleframe
<5>}) has been already used, duplicate ignored
<to be read again> 
                   \relax 
l.150 }
        [23

]pdfTeX warning (ext4): destination with the same identifier (name{exampleframe
<6>}) has been already used, duplicate ignored
<to be read again> 
                   \relax 
l.150 }
        [24

]pdfTeX warning (ext4): destination with the same identifier (name{exampleframe
<1>}) has been already used, duplicate ignored
<to be read again> 
                   \relax 
l.176 }
       pdfTeX warning (ext4): destination with the same identifier (name{exampl
eframe}) has been already used, duplicate ignored
<to be read again> 
                   \relax 
l.176 }
        [25

]pdfTeX warning (ext4): destination with the same identifier (name{exampleframe
<2>}) has been already used, duplicate ignored
<to be read again> 
                   \relax 
l.176 }
        [26

]pdfTeX warning (ext4): destination with the same identifier (name{exampleframe
<3>}) has been already used, duplicate ignored
<to be read again> 
                   \relax 
l.176 }
        [27

]pdfTeX warning (ext4): destination with the same identifier (name{exampleframe
<4>}) has been already used, duplicate ignored
<to be read again> 
                   \relax 
l.176 }
        [28

]pdfTeX warning (ext4): destination with the same identifier (name{exampleframe
<5>}) has been already used, duplicate ignored
<to be read again> 
                   \relax 
l.176 }
        [29

]pdfTeX warning (ext4): destination with the same identifier (name{exampleframe
<6>}) has been already used, duplicate ignored
<to be read again> 
                   \relax 
l.176 }
        [30

]pdfTeX warning (ext4): destination with the same identifier (name{exampleframe
<7>}) has been already used, duplicate ignored
<to be read again> 
                   \relax 
l.176 }
        [31

] [32

] [33

]pdfTeX warning (ext4): destination with the same identifier (name{exampleframe
<1>}) has been already used, duplicate ignored
<to be read again> 
                   \relax 
l.192 }
       pdfTeX warning (ext4): destination with the same identifier (name{exampl
eframe}) has been already used, duplicate ignored
<to be read again> 
                   \relax 
l.192 }
        [34

]pdfTeX warning (ext4): destination with the same identifier (name{exampleframe
<2>}) has been already used, duplicate ignored
<to be read again> 
                   \relax 
l.192 }
        [35

]pdfTeX warning (ext4): destination with the same identifier (name{exampleframe
<3>}) has been already used, duplicate ignored
<to be read again> 
                   \relax 
l.192 }
        [36

]pdfTeX warning (ext4): destination with the same identifier (name{exampleframe
<4>}) has been already used, duplicate ignored
<to be read again> 
                   \relax 
l.192 }
        [37

]pdfTeX warning (ext4): destination with the same identifier (name{exampleframe
<1>}) has been already used, duplicate ignored
<to be read again> 
                   \relax 
l.200 }
       pdfTeX warning (ext4): destination with the same identifier (name{exampl
eframe}) has been already used, duplicate ignored
<to be read again> 
                   \relax 
l.200 }
        [38

]pdfTeX warning (ext4): destination with the same identifier (name{exampleframe
<1>}) has been already used, duplicate ignored
<to be read again> 
                   \relax 
l.222 }
       pdfTeX warning (ext4): destination with the same identifier (name{exampl
eframe}) has been already used, duplicate ignored
<to be read again> 
                   \relax 
l.222 }
        [39

]pdfTeX warning (ext4): destination with the same identifier (name{exampleframe
<2>}) has been already used, duplicate ignored
<to be read again> 
                   \relax 
l.222 }
        [40

]pdfTeX warning (ext4): destination with the same identifier (name{exampleframe
<3>}) has been already used, duplicate ignored
<to be read again> 
                   \relax 
l.222 }
        [41

]pdfTeX warning (ext4): destination with the same identifier (name{exampleframe
<4>}) has been already used, duplicate ignored
<to be read again> 
                   \relax 
l.222 }
        [42

]pdfTeX warning (ext4): destination with the same identifier (name{exampleframe
<5>}) has been already used, duplicate ignored
<to be read again> 
                   \relax 
l.222 }
        [43

]pdfTeX warning (ext4): destination with the same identifier (name{exampleframe
<6>}) has been already used, duplicate ignored
<to be read again> 
                   \relax 
l.222 }
        [44

]pdfTeX warning (ext4): destination with the same identifier (name{exampleframe
<7>}) has been already used, duplicate ignored
<to be read again> 
                   \relax 
l.222 }
        [45

]pdfTeX warning (ext4): destination with the same identifier (name{exampleframe
<1>}) has been already used, duplicate ignored
<to be read again> 
                   \relax 
l.244 }
       pdfTeX warning (ext4): destination with the same identifier (name{exampl
eframe}) has been already used, duplicate ignored
<to be read again> 
                   \relax 
l.244 }
        [46

]pdfTeX warning (ext4): destination with the same identifier (name{exampleframe
<2>}) has been already used, duplicate ignored
<to be read again> 
                   \relax 
l.244 }
        [47

]pdfTeX warning (ext4): destination with the same identifier (name{exampleframe
<3>}) has been already used, duplicate ignored
<to be read again> 
                   \relax 
l.244 }
        [48

]pdfTeX warning (ext4): destination with the same identifier (name{exampleframe
<4>}) has been already used, duplicate ignored
<to be read again> 
                   \relax 
l.244 }
        [49

]pdfTeX warning (ext4): destination with the same identifier (name{exampleframe
<5>}) has been already used, duplicate ignored
<to be read again> 
                   \relax 
l.244 }
        [50

]pdfTeX warning (ext4): destination with the same identifier (name{exampleframe
<6>}) has been already used, duplicate ignored
<to be read again> 
                   \relax 
l.244 }
        [51

]pdfTeX warning (ext4): destination with the same identifier (name{exampleframe
<1>}) has been already used, duplicate ignored
<to be read again> 
                   \relax 
l.251 }
       pdfTeX warning (ext4): destination with the same identifier (name{exampl
eframe}) has been already used, duplicate ignored
<to be read again> 
                   \relax 
l.251 }
        <Proc_sch.png, id=1657, 663.4386pt x 474.573pt>
File: Proc_sch.png Graphic file (type png)
 <use Proc_sch.png>
[52

 <./Proc_sch.png (PNG copy)>]pdfTeX warning (ext4): destination with the same i
dentifier (name{exampleframe<1>}) has been already used, duplicate ignored
<to be read again> 
                   \relax 
l.257 }
       pdfTeX warning (ext4): destination with the same identifier (name{exampl
eframe}) has been already used, duplicate ignored
<to be read again> 
                   \relax 
l.257 }
        <Proc_pcb.png, id=1689, 589.7232pt x 513.5988pt>
File: Proc_pcb.png Graphic file (type png)
 <use Proc_pcb.png>
[53

 <./Proc_pcb.png (PNG copy)>]pdfTeX warning (ext4): destination with the same i
dentifier (name{exampleframe<1>}) has been already used, duplicate ignored
<to be read again> 
                   \relax 
l.271 }
       pdfTeX warning (ext4): destination with the same identifier (name{exampl
eframe}) has been already used, duplicate ignored
<to be read again> 
                   \relax 
l.271 }
        [54

]pdfTeX warning (ext4): destination with the same identifier (name{exampleframe
<2>}) has been already used, duplicate ignored
<to be read again> 
                   \relax 
l.271 }
        [55

]pdfTeX warning (ext4): destination with the same identifier (name{exampleframe
<3>}) has been already used, duplicate ignored
<to be read again> 
                   \relax 
l.271 }
        [56

]pdfTeX warning (ext4): destination with the same identifier (name{exampleframe
<1>}) has been already used, duplicate ignored
<to be read again> 
                   \relax 
l.278 }
       pdfTeX warning (ext4): destination with the same identifier (name{exampl
eframe}) has been already used, duplicate ignored
<to be read again> 
                   \relax 
l.278 }
        <Power_sch.png, id=1815, 905.3022pt x 419.6478pt>
File: Power_sch.png Graphic file (type png)
 <use Power_sch.png>
Overfull \hbox (5.69043pt too wide) in paragraph at lines 278--278
 [] 
 []

[57

 <./Power_sch.png (PNG copy)>]pdfTeX warning (ext4): destination with the same 
identifier (name{exampleframe<1>}) has been already used, duplicate ignored
<to be read again> 
                   \relax 
l.285 }
       pdfTeX warning (ext4): destination with the same identifier (name{exampl
eframe}) has been already used, duplicate ignored
<to be read again> 
                   \relax 
l.285 }
        <Power_pcb.png, id=1846, 582.978pt x 529.98pt>
File: Power_pcb.png Graphic file (type png)
 <use Power_pcb.png>
[58

 <./Power_pcb.png (PNG copy)>]

Package hyperref Warning: Glyph not defined in PD1 encoding,
(hyperref)                removing `\H' on input line 289.

pdfTeX warning (ext4): destination with the same identifier (name{exampleframe<
1>}) has been already used, duplicate ignored
<to be read again> 
                   \relax 
l.303 }
       pdfTeX warning (ext4): destination with the same identifier (name{exampl
eframe}) has been already used, duplicate ignored
<to be read again> 
                   \relax 
l.303 }
       
LaTeX Font Info:    Try loading font information for T1+cmtt on input line 303.

 (/usr/local/texlive/2007/texmf-dist/tex/latex/base/t1cmtt.fd
File: t1cmtt.fd 1999/05/25 v2.5h Standard LaTeX font definitions
) [59

]pdfTeX warning (ext4): destination with the same identifier (name{exampleframe
<2>}) has been already used, duplicate ignored
<to be read again> 
                   \relax 
l.303 }
        [60

]pdfTeX warning (ext4): destination with the same identifier (name{exampleframe
<3>}) has been already used, duplicate ignored
<to be read again> 
                   \relax 
l.303 }
        [61

]pdfTeX warning (ext4): destination with the same identifier (name{exampleframe
<4>}) has been already used, duplicate ignored
<to be read again> 
                   \relax 
l.303 }
        [62

]pdfTeX warning (ext4): destination with the same identifier (name{exampleframe
<1>}) has been already used, duplicate ignored
<to be read again> 
                   \relax 
l.320 }
       pdfTeX warning (ext4): destination with the same identifier (name{exampl
eframe}) has been already used, duplicate ignored
<to be read again> 
                   \relax 
l.320 }
        [63

]pdfTeX warning (ext4): destination with the same identifier (name{exampleframe
<2>}) has been already used, duplicate ignored
<to be read again> 
                   \relax 
l.320 }
        [64

]pdfTeX warning (ext4): destination with the same identifier (name{exampleframe
<3>}) has been already used, duplicate ignored
<to be read again> 
                   \relax 
l.320 }
        [65

]pdfTeX warning (ext4): destination with the same identifier (name{exampleframe
<4>}) has been already used, duplicate ignored
<to be read again> 
                   \relax 
l.320 }
        [66

]pdfTeX warning (ext4): destination with the same identifier (name{exampleframe
<5>}) has been already used, duplicate ignored
<to be read again> 
                   \relax 
l.320 }
        [67

]pdfTeX warning (ext4): destination with the same identifier (name{exampleframe
<1>}) has been already used, duplicate ignored
<to be read again> 
                   \relax 
l.332 }
       pdfTeX warning (ext4): destination with the same identifier (name{exampl
eframe}) has been already used, duplicate ignored
<to be read again> 
                   \relax 
l.332 }
        [68

]pdfTeX warning (ext4): destination with the same identifier (name{exampleframe
<1>}) has been already used, duplicate ignored
<to be read again> 
                   \relax 
l.339 }
       pdfTeX warning (ext4): destination with the same identifier (name{exampl
eframe}) has been already used, duplicate ignored
<to be read again> 
                   \relax 
l.339 }
       
File: TokenRing.png Graphic file (type png)
 <use TokenRing.png> [69

]pdfTeX warning (ext4): destination with the same identifier (name{exampleframe
<1>}) has been already used, duplicate ignored
<to be read again> 
                   \relax 
l.348 }
       pdfTeX warning (ext4): destination with the same identifier (name{exampl
eframe}) has been already used, duplicate ignored
<to be read again> 
                   \relax 
l.348 }
        <UI.png, id=2221, 986.7264pt x 689.9376pt>
File: UI.png Graphic file (type png)
 <use UI.png>
Overfull \vbox (5.99019pt too high) detected at line 348
 []

[70

 <./UI.png (PNG copy)>]pdfTeX warning (ext4): destination with the same identif
ier (name{exampleframe<1>}) has been already used, duplicate ignored
<to be read again> 
                   \relax 
l.355 }
       pdfTeX warning (ext4): destination with the same identifier (name{exampl
eframe}) has been already used, duplicate ignored
<to be read again> 
                   \relax 
l.355 }
        <GUI.png, id=2253, 754.4988pt x 190.7928pt>
File: GUI.png Graphic file (type png)
 <use GUI.png>
Overfull \hbox (5.69043pt too wide) in paragraph at lines 355--355
 [] 
 []

[71

 <./GUI.png (PNG copy)>]pdfTeX warning (ext4): destination with the same identi
fier (name{exampleframe<1>}) has been already used, duplicate ignored
<to be read again> 
                   \relax 
l.374 }
       pdfTeX warning (ext4): destination with the same identifier (name{exampl
eframe}) has been already used, duplicate ignored
<to be read again> 
                   \relax 
l.374 }
        [72

]pdfTeX warning (ext4): destination with the same identifier (name{exampleframe
<2>}) has been already used, duplicate ignored
<to be read again> 
                   \relax 
l.374 }
        [73

]pdfTeX warning (ext4): destination with the same identifier (name{exampleframe
<3>}) has been already used, duplicate ignored
<to be read again> 
                   \relax 
l.374 }
        [74

]pdfTeX warning (ext4): destination with the same identifier (name{exampleframe
<4>}) has been already used, duplicate ignored
<to be read again> 
                   \relax 
l.374 }
        [75

]pdfTeX warning (ext4): destination with the same identifier (name{exampleframe
<5>}) has been already used, duplicate ignored
<to be read again> 
                   \relax 
l.374 }
        [76

]pdfTeX warning (ext4): destination with the same identifier (name{exampleframe
<1>}) has been already used, duplicate ignored
<to be read again> 
                   \relax 
l.383 }
       pdfTeX warning (ext4): destination with the same identifier (name{exampl
eframe}) has been already used, duplicate ignored
<to be read again> 
                   \relax 
l.383 }
        [77

]pdfTeX warning (ext4): destination with the same identifier (name{exampleframe
<1>}) has been already used, duplicate ignored
<to be read again> 
                   \relax 
l.392 }
       pdfTeX warning (ext4): destination with the same identifier (name{exampl
eframe}) has been already used, duplicate ignored
<to be read again> 
                   \relax 
l.392 }
        [78

]pdfTeX warning (ext4): destination with the same identifier (name{exampleframe
<1>}) has been already used, duplicate ignored
<to be read again> 
                   \relax 
l.402 }
       pdfTeX warning (ext4): destination with the same identifier (name{exampl
eframe}) has been already used, duplicate ignored
<to be read again> 
                   \relax 
l.402 }
        [79

]pdfTeX warning (ext4): destination with the same identifier (name{exampleframe
<1>}) has been already used, duplicate ignored
<to be read again> 
                   \relax 
l.420 }
       pdfTeX warning (ext4): destination with the same identifier (name{exampl
eframe}) has been already used, duplicate ignored
<to be read again> 
                   \relax 
l.420 }
        [80

]
\tf@nav=\write5
\openout5 = `TDK_prez.nav'.

\tf@toc=\write6
\openout6 = `TDK_prez.toc'.

\tf@snm=\write7
\openout7 = `TDK_prez.snm'.

 (./TDK_prez.aux)

LaTeX Font Warning: Size substitutions with differences
(Font)              up to 1.0pt have occurred.


LaTeX Warning: There were multiply-defined labels.

 ) 
Here is how much of TeX's memory you used:
 9464 strings out of 94073
 165536 string characters out of 1162993
 248375 words of memory out of 1500000
 12259 multiletter control sequences out of 10000+50000
 31166 words of font info for 74 fonts, out of 1200000 for 2000
 645 hyphenation exceptions out of 8191
 41i,15n,52p,316b,568s stack positions out of 5000i,500n,6000p,200000b,5000s
{/usr/local/texlive/2007/texmf-dist/fonts/enc/dvips/cm-super/cm-super-t1.enc}
</usr/local/texlive/2007/texmf-dist/fonts/type1/bluesky/cm/cmmi10.pfb></usr/loc
al/texlive/2007/texmf-dist/fonts/type1/bluesky/cm/cmsy10.pfb></usr/local/texliv
e/2007/texmf-dist/fonts/type1/bluesky/ams/msam7.pfb></usr/local/texlive/2007/te
xmf-dist/fonts/type1/public/cm-super/sfsi1095.pfb></usr/local/texlive/2007/texm
f-dist/fonts/type1/public/cm-super/sfss0600.pfb></usr/local/texlive/2007/texmf-
dist/fonts/type1/public/cm-super/sfss0800.pfb></usr/local/texlive/2007/texmf-di
st/fonts/type1/public/cm-super/sfss0900.pfb></usr/local/texlive/2007/texmf-dist
/fonts/type1/public/cm-super/sfss1000.pfb></usr/local/texlive/2007/texmf-dist/f
onts/type1/public/cm-super/sfss1095.pfb></usr/local/texlive/2007/texmf-dist/fon
ts/type1/public/cm-super/sfss1440.pfb></usr/local/texlive/2007/texmf-dist/fonts
/type1/public/cm-super/sfsx0600.pfb></usr/local/texlive/2007/texmf-dist/fonts/t
ype1/public/cm-super/sfsx1000.pfb></usr/local/texlive/2007/texmf-dist/fonts/typ
e1/public/cm-super/sfsx1095.pfb></usr/local/texlive/2007/texmf-dist/fonts/type1
/public/cm-super/sfsx1440.pfb></usr/local/texlive/2007/texmf-dist/fonts/type1/p
ublic/cm-super/sfsx2074.pfb></usr/local/texlive/2007/texmf-dist/fonts/type1/pub
lic/cm-super/sfsx2488.pfb></usr/local/texlive/2007/texmf-dist/fonts/type1/publi
c/cm-super/sftt1095.pfb>
Output written on TDK_prez.pdf (80 pages, 1014977 bytes).
PDF statistics:
 2663 PDF objects out of 2984 (max. 8388607)
 176 named destinations out of 1000 (max. 131072)
 117 words of extra memory for PDF output out of 10000 (max. 10000000)

